{"numFailedTestSuites":0,"numFailedTests":0,"numPassedTestSuites":7,"numPassedTests":119,"numPendingTestSuites":0,"numPendingTests":0,"numRuntimeErrorTestSuites":0,"numTodoTests":0,"numTotalTestSuites":7,"numTotalTests":119,"openHandles":[],"snapshot":{"added":0,"didUpdate":false,"failure":false,"filesAdded":0,"filesRemoved":0,"filesRemovedList":[],"filesUnmatched":0,"filesUpdated":0,"matched":0,"total":0,"unchecked":0,"uncheckedKeysByFile":[],"unmatched":0,"updated":0},"startTime":1775660791417,"success":true,"testResults":[{"assertionResults":[{"ancestorTitles":["TC-WF-01: Assign Manager"],"duration":138,"failing":false,"failureDetails":[],"failureMessages":[],"fullName":"TC-WF-01: Assign Manager Admin can assign manager → status becomes assigned_manager","invocations":1,"location":null,"numPassingAsserts":3,"retryReasons":[],"startAt":1775660793443,"status":"passed","title":"Admin can assign manager → status becomes assigned_manager"},{"ancestorTitles":["TC-WF-01: Assign Manager"],"duration":16,"failing":false,"failureDetails":[],"failureMessages":[],"fullName":"TC-WF-01: Assign Manager Manager can assign manager","invocations":1,"location":null,"numPassingAsserts":1,"retryReasons":[],"startAt":1775660793582,"status":"passed","title":"Manager can assign manager"},{"ancestorTitles":["TC-WF-01: Assign Manager"],"duration":13,"failing":false,"failureDetails":[],"failureMessages":[],"fullName":"TC-WF-01: Assign Manager Associate cannot assign manager → 403","invocations":1,"location":null,"numPassingAsserts":1,"retryReasons":[],"startAt":1775660793598,"status":"passed","title":"Associate cannot assign manager → 403"},{"ancestorTitles":["TC-WF-01: Assign Manager"],"duration":31,"failing":false,"failureDetails":[],"failureMessages":[],"fullName":"TC-WF-01: Assign Manager Assigning nonexistent managerId → 404","invocations":1,"location":null,"numPassingAsserts":1,"retryReasons":[],"startAt":1775660793612,"status":"passed","title":"Assigning nonexistent managerId → 404"},{"ancestorTitles":["TC-WF-01: Assign Manager"],"duration":14,"failing":false,"failureDetails":[],"failureMessages":[],"fullName":"TC-WF-01: Assign Manager Assigning a non-manager user as manager → 400","invocations":1,"location":null,"numPassingAsserts":1,"retryReasons":[],"startAt":1775660793643,"status":"passed","title":"Assigning a non-manager user as manager → 400"},{"ancestorTitles":["TC-WF-02: Assign Associates"],"duration":20,"failing":false,"failureDetails":[],"failureMessages":[],"fullName":"TC-WF-02: Assign Associates Admin can assign associates → status becomes assigned_associate","invocations":1,"location":null,"numPassingAsserts":3,"retryReasons":[],"startAt":1775660793658,"status":"passed","title":"Admin can assign associates → status becomes assigned_associate"},{"ancestorTitles":["TC-WF-02: Assign Associates"],"duration":12,"failing":false,"failureDetails":[],"failureMessages":[],"fullName":"TC-WF-02: Assign Associates Empty associateIds array → 400","invocations":1,"location":null,"numPassingAsserts":1,"retryReasons":[],"startAt":1775660793678,"status":"passed","title":"Empty associateIds array → 400"},{"ancestorTitles":["TC-WF-02: Assign Associates"],"duration":11,"failing":false,"failureDetails":[],"failureMessages":[],"fullName":"TC-WF-02: Assign Associates Associate cannot assign associates → 403","invocations":1,"location":null,"numPassingAsserts":1,"retryReasons":[],"startAt":1775660793691,"status":"passed","title":"Associate cannot assign associates → 403"},{"ancestorTitles":["TC-WF-02: Assign Associates"],"duration":16,"failing":false,"failureDetails":[],"failureMessages":[],"fullName":"TC-WF-02: Assign Associates Multiple associates assigned together","invocations":1,"location":null,"numPassingAsserts":2,"retryReasons":[],"startAt":1775660793702,"status":"passed","title":"Multiple associates assigned together"},{"ancestorTitles":["TC-WF-03: Location Mark Done"],"duration":27,"failing":false,"failureDetails":[],"failureMessages":[],"fullName":"TC-WF-03: Location Mark Done Assigned associate can mark their location done","invocations":1,"location":null,"numPassingAsserts":2,"retryReasons":[],"startAt":1775660793719,"status":"passed","title":"Assigned associate can mark their location done"},{"ancestorTitles":["TC-WF-03: Location Mark Done"],"duration":22,"failing":false,"failureDetails":[],"failureMessages":[],"fullName":"TC-WF-03: Location Mark Done Associate not assigned to location cannot mark it done → 403","invocations":1,"location":null,"numPassingAsserts":1,"retryReasons":[],"startAt":1775660793747,"status":"passed","title":"Associate not assigned to location cannot mark it done → 403"},{"ancestorTitles":["TC-WF-03: Location Mark Done"],"duration":13,"failing":false,"failureDetails":[],"failureMessages":[],"fullName":"TC-WF-03: Location Mark Done When all locations done → job auto-transitions to pending_review","invocations":1,"location":null,"numPassingAsserts":2,"retryReasons":[],"startAt":1775660793770,"status":"passed","title":"When all locations done → job auto-transitions to pending_review"},{"ancestorTitles":["TC-WF-03: Location Mark Done"],"duration":10,"failing":false,"failureDetails":[],"failureMessages":[],"fullName":"TC-WF-03: Location Mark Done When only some locations done → job stays in_progress","invocations":1,"location":null,"numPassingAsserts":1,"retryReasons":[],"startAt":1775660793784,"status":"passed","title":"When only some locations done → job stays in_progress"},{"ancestorTitles":["TC-WF-03: Location Mark Done"],"duration":38,"failing":false,"failureDetails":[],"failureMessages":[],"fullName":"TC-WF-03: Location Mark Done Non-existent location → 404","invocations":1,"location":null,"numPassingAsserts":1,"retryReasons":[],"startAt":1775660793794,"status":"passed","title":"Non-existent location → 404"},{"ancestorTitles":["TC-WF-04: Submit for Review"],"duration":12,"failing":false,"failureDetails":[],"failureMessages":[],"fullName":"TC-WF-04: Submit for Review Assigned associate can submit for review → status pending_review","invocations":1,"location":null,"numPassingAsserts":3,"retryReasons":[],"startAt":1775660793832,"status":"passed","title":"Assigned associate can submit for review → status pending_review"},{"ancestorTitles":["TC-WF-04: Submit for Review"],"duration":50,"failing":false,"failureDetails":[],"failureMessages":[],"fullName":"TC-WF-04: Submit for Review Job creator (office_support) can submit for review","invocations":1,"location":null,"numPassingAsserts":2,"retryReasons":[],"startAt":1775660793845,"status":"passed","title":"Job creator (office_support) can submit for review"},{"ancestorTitles":["TC-WF-04: Submit for Review"],"duration":15,"failing":false,"failureDetails":[],"failureMessages":[],"fullName":"TC-WF-04: Submit for Review Unrelated user cannot submit for review → 403","invocations":1,"location":null,"numPassingAsserts":1,"retryReasons":[],"startAt":1775660793895,"status":"passed","title":"Unrelated user cannot submit for review → 403"},{"ancestorTitles":["TC-WF-05: Complete Job (financial calculation)"],"duration":21,"failing":false,"failureDetails":[],"failureMessages":[],"fullName":"TC-WF-05: Complete Job (financial calculation) Manager can complete job → status completed with financial data","invocations":1,"location":null,"numPassingAsserts":6,"retryReasons":[],"startAt":1775660793911,"status":"passed","title":"Manager can complete job → status completed with financial data"},{"ancestorTitles":["TC-WF-05: Complete Job (financial calculation)"],"duration":17,"failing":false,"failureDetails":[],"failureMessages":[],"fullName":"TC-WF-05: Complete Job (financial calculation) Zero revenue → margin 0%, rating needs_improvement","invocations":1,"location":null,"numPassingAsserts":4,"retryReasons":[],"startAt":1775660793932,"status":"passed","title":"Zero revenue → margin 0%, rating needs_improvement"},{"ancestorTitles":["TC-WF-05: Complete Job (financial calculation)"],"duration":11,"failing":false,"failureDetails":[],"failureMessages":[],"fullName":"TC-WF-05: Complete Job (financial calculation) Associate cannot complete job directly (only manager/admin)","invocations":1,"location":null,"numPassingAsserts":1,"retryReasons":[],"startAt":1775660793949,"status":"passed","title":"Associate cannot complete job directly (only manager/admin)"},{"ancestorTitles":["TC-WF-05: Complete Job (financial calculation)"],"duration":11,"failing":false,"failureDetails":[],"failureMessages":[],"fullName":"TC-WF-05: Complete Job (financial calculation) Good rating when margin between target-threshold and target","invocations":1,"location":null,"numPassingAsserts":2,"retryReasons":[],"startAt":1775660793960,"status":"passed","title":"Good rating when margin between target-threshold and target"}],"endTime":1775660793984,"message":"","name":"C:\\Users\\user\\Desktop\\Claude\\eshipper-warehouse-billing\\tests\\03_workflow.test.js","startTime":1775660792016,"status":"passed","summary":""},{"assertionResults":[{"ancestorTitles":["TC-AUTH-01: Missing / malformed Authorization header"],"duration":96,"failing":false,"failureDetails":[],"failureMessages":[],"fullName":"TC-AUTH-01: Missing / malformed Authorization header No Authorization header → 401","invocations":1,"location":null,"numPassingAsserts":2,"retryReasons":[],"startAt":1775660793397,"status":"passed","title":"No Authorization header → 401"},{"ancestorTitles":["TC-AUTH-01: Missing / malformed Authorization header"],"duration":23,"failing":false,"failureDetails":[],"failureMessages":[],"fullName":"TC-AUTH-01: Missing / malformed Authorization header Authorization without Bearer prefix → 401","invocations":1,"location":null,"numPassingAsserts":1,"retryReasons":[],"startAt":1775660793494,"status":"passed","title":"Authorization without Bearer prefix → 401"},{"ancestorTitles":["TC-AUTH-01: Missing / malformed Authorization header"],"duration":325,"failing":false,"failureDetails":[],"failureMessages":[],"fullName":"TC-AUTH-01: Missing / malformed Authorization header Invalid / unknown token → 401","invocations":1,"location":null,"numPassingAsserts":2,"retryReasons":[],"startAt":1775660793519,"status":"passed","title":"Invalid / unknown token → 401"},{"ancestorTitles":["TC-AUTH-02: Valid token - first-time sign-in provisioning"],"duration":20,"failing":false,"failureDetails":[],"failureMessages":[],"fullName":"TC-AUTH-02: Valid token - first-time sign-in provisioning New user with no invite → provisioned as associate","invocations":1,"location":null,"numPassingAsserts":5,"retryReasons":[],"startAt":1775660793845,"status":"passed","title":"New user with no invite → provisioned as associate"},{"ancestorTitles":["TC-AUTH-02: Valid token - first-time sign-in provisioning"],"duration":23,"failing":false,"failureDetails":[],"failureMessages":[],"fullName":"TC-AUTH-02: Valid token - first-time sign-in provisioning New user with pre-existing invite → provisioned with invite role","invocations":1,"location":null,"numPassingAsserts":3,"retryReasons":[],"startAt":1775660793865,"status":"passed","title":"New user with pre-existing invite → provisioned with invite role"},{"ancestorTitles":["TC-AUTH-02: Valid token - first-time sign-in provisioning"],"duration":19,"failing":false,"failureDetails":[],"failureMessages":[],"fullName":"TC-AUTH-02: Valid token - first-time sign-in provisioning Existing user → role from Firestore (not token claim)","invocations":1,"location":null,"numPassingAsserts":2,"retryReasons":[],"startAt":1775660793889,"status":"passed","title":"Existing user → role from Firestore (not token claim)"},{"ancestorTitles":["TC-AUTH-03: requireRole enforcement"],"duration":27,"failing":false,"failureDetails":[],"failureMessages":[],"fullName":"TC-AUTH-03: requireRole enforcement Admin can access admin-only endpoints","invocations":1,"location":null,"numPassingAsserts":1,"retryReasons":[],"startAt":1775660793908,"status":"passed","title":"Admin can access admin-only endpoints"},{"ancestorTitles":["TC-AUTH-03: requireRole enforcement"],"duration":14,"failing":false,"failureDetails":[],"failureMessages":[],"fullName":"TC-AUTH-03: requireRole enforcement Manager cannot access admin-only /api/users → 403","invocations":1,"location":null,"numPassingAsserts":2,"retryReasons":[],"startAt":1775660793935,"status":"passed","title":"Manager cannot access admin-only /api/users → 403"},{"ancestorTitles":["TC-AUTH-03: requireRole enforcement"],"duration":15,"failing":false,"failureDetails":[],"failureMessages":[],"fullName":"TC-AUTH-03: requireRole enforcement Associate cannot access admin-only /api/users → 403","invocations":1,"location":null,"numPassingAsserts":1,"retryReasons":[],"startAt":1775660793950,"status":"passed","title":"Associate cannot access admin-only /api/users → 403"},{"ancestorTitles":["TC-AUTH-03: requireRole enforcement"],"duration":14,"failing":false,"failureDetails":[],"failureMessages":[],"fullName":"TC-AUTH-03: requireRole enforcement Office Support cannot access admin-only /api/users → 403","invocations":1,"location":null,"numPassingAsserts":1,"retryReasons":[],"startAt":1775660793966,"status":"passed","title":"Office Support cannot access admin-only /api/users → 403"},{"ancestorTitles":["TC-AUTH-03: requireRole enforcement"],"duration":12,"failing":false,"failureDetails":[],"failureMessages":[],"fullName":"TC-AUTH-03: requireRole enforcement Manager can access /api/templates (manager|admin only)","invocations":1,"location":null,"numPassingAsserts":1,"retryReasons":[],"startAt":1775660793980,"status":"passed","title":"Manager can access /api/templates (manager|admin only)"},{"ancestorTitles":["TC-AUTH-03: requireRole enforcement"],"duration":28,"failing":false,"failureDetails":[],"failureMessages":[],"fullName":"TC-AUTH-03: requireRole enforcement Associate cannot access /api/templates → 403","invocations":1,"location":null,"numPassingAsserts":1,"retryReasons":[],"startAt":1775660793992,"status":"passed","title":"Associate cannot access /api/templates → 403"},{"ancestorTitles":["TC-AUTH-04: Health endpoint requires no auth"],"duration":12,"failing":false,"failureDetails":[],"failureMessages":[],"fullName":"TC-AUTH-04: Health endpoint requires no auth GET /healthz returns 200 without auth","invocations":1,"location":null,"numPassingAsserts":2,"retryReasons":[],"startAt":1775660794021,"status":"passed","title":"GET /healthz returns 200 without auth"},{"ancestorTitles":["TC-AUTH-05: Data scoping by role"],"duration":12,"failing":false,"failureDetails":[],"failureMessages":[],"fullName":"TC-AUTH-05: Data scoping by role Admin receives users + teams in /api/init","invocations":1,"location":null,"numPassingAsserts":3,"retryReasons":[],"startAt":1775660794033,"status":"passed","title":"Admin receives users + teams in /api/init"},{"ancestorTitles":["TC-AUTH-05: Data scoping by role"],"duration":22,"failing":false,"failureDetails":[],"failureMessages":[],"fullName":"TC-AUTH-05: Data scoping by role Manager receives templates but NOT users in /api/init","invocations":1,"location":null,"numPassingAsserts":3,"retryReasons":[],"startAt":1775660794046,"status":"passed","title":"Manager receives templates but NOT users in /api/init"},{"ancestorTitles":["TC-AUTH-05: Data scoping by role"],"duration":14,"failing":false,"failureDetails":[],"failureMessages":[],"fullName":"TC-AUTH-05: Data scoping by role Associate only sees own + assigned jobs in /api/init","invocations":1,"location":null,"numPassingAsserts":4,"retryReasons":[],"startAt":1775660794068,"status":"passed","title":"Associate only sees own + assigned jobs in /api/init"}],"endTime":1775660794087,"message":"","name":"C:\\Users\\user\\Desktop\\Claude\\eshipper-warehouse-billing\\tests\\01_auth.test.js","startTime":1775660792022,"status":"passed","summary":""},{"assertionResults":[{"ancestorTitles":["TC-JOB-01: Create Job — validation"],"duration":145,"failing":false,"failureDetails":[],"failureMessages":[],"fullName":"TC-JOB-01: Create Job — validation Missing customerId → 400","invocations":1,"location":null,"numPassingAsserts":2,"retryReasons":[],"startAt":1775660793634,"status":"passed","title":"Missing customerId → 400"},{"ancestorTitles":["TC-JOB-01: Create Job — validation"],"duration":15,"failing":false,"failureDetails":[],"failureMessages":[],"fullName":"TC-JOB-01: Create Job — validation Missing jobTypeId → 400","invocations":1,"location":null,"numPassingAsserts":2,"retryReasons":[],"startAt":1775660793780,"status":"passed","title":"Missing jobTypeId → 400"},{"ancestorTitles":["TC-JOB-01: Create Job — validation"],"duration":19,"failing":false,"failureDetails":[],"failureMessages":[],"fullName":"TC-JOB-01: Create Job — validation Valid job creates with status \"created\"","invocations":1,"location":null,"numPassingAsserts":3,"retryReasons":[],"startAt":1775660793796,"status":"passed","title":"Valid job creates with status \"created\""},{"ancestorTitles":["TC-JOB-01: Create Job — validation"],"duration":18,"failing":false,"failureDetails":[],"failureMessages":[],"fullName":"TC-JOB-01: Create Job — validation Job with assignedManagerId → status \"assigned_manager\"","invocations":1,"location":null,"numPassingAsserts":3,"retryReasons":[],"startAt":1775660793815,"status":"passed","title":"Job with assignedManagerId → status \"assigned_manager\""},{"ancestorTitles":["TC-JOB-01: Create Job — validation"],"duration":79,"failing":false,"failureDetails":[],"failureMessages":[],"fullName":"TC-JOB-01: Create Job — validation Job created by any authenticated user (all roles can create)","invocations":1,"location":null,"numPassingAsserts":3,"retryReasons":[],"startAt":1775660793833,"status":"passed","title":"Job created by any authenticated user (all roles can create)"},{"ancestorTitles":["TC-JOB-01: Create Job — validation"],"duration":33,"failing":false,"failureDetails":[],"failureMessages":[],"fullName":"TC-JOB-01: Create Job — validation Locations array stored on job","invocations":1,"location":null,"numPassingAsserts":5,"retryReasons":[],"startAt":1775660793912,"status":"passed","title":"Locations array stored on job"},{"ancestorTitles":["TC-JOB-01: Create Job — validation"],"duration":44,"failing":false,"failureDetails":[],"failureMessages":[],"fullName":"TC-JOB-01: Create Job — validation Audit record created on job creation","invocations":1,"location":null,"numPassingAsserts":2,"retryReasons":[],"startAt":1775660793946,"status":"passed","title":"Audit record created on job creation"},{"ancestorTitles":["TC-JOB-02: Edit Job — permissions & validation"],"duration":17,"failing":false,"failureDetails":[],"failureMessages":[],"fullName":"TC-JOB-02: Edit Job — permissions & validation Admin can edit any job","invocations":1,"location":null,"numPassingAsserts":1,"retryReasons":[],"startAt":1775660793991,"status":"passed","title":"Admin can edit any job"},{"ancestorTitles":["TC-JOB-02: Edit Job — permissions & validation"],"duration":12,"failing":false,"failureDetails":[],"failureMessages":[],"fullName":"TC-JOB-02: Edit Job — permissions & validation Manager can edit any job","invocations":1,"location":null,"numPassingAsserts":1,"retryReasons":[],"startAt":1775660794008,"status":"passed","title":"Manager can edit any job"},{"ancestorTitles":["TC-JOB-02: Edit Job — permissions & validation"],"duration":11,"failing":false,"failureDetails":[],"failureMessages":[],"fullName":"TC-JOB-02: Edit Job — permissions & validation Associate can edit job they created","invocations":1,"location":null,"numPassingAsserts":1,"retryReasons":[],"startAt":1775660794020,"status":"passed","title":"Associate can edit job they created"},{"ancestorTitles":["TC-JOB-02: Edit Job — permissions & validation"],"duration":17,"failing":false,"failureDetails":[],"failureMessages":[],"fullName":"TC-JOB-02: Edit Job — permissions & validation Associate cannot edit job they did not create and are not assigned to → 403","invocations":1,"location":null,"numPassingAsserts":1,"retryReasons":[],"startAt":1775660794032,"status":"passed","title":"Associate cannot edit job they did not create and are not assigned to → 403"},{"ancestorTitles":["TC-JOB-02: Edit Job — permissions & validation"],"duration":21,"failing":false,"failureDetails":[],"failureMessages":[],"fullName":"TC-JOB-02: Edit Job — permissions & validation Edit non-existent job → 404","invocations":1,"location":null,"numPassingAsserts":1,"retryReasons":[],"startAt":1775660794049,"status":"passed","title":"Edit non-existent job → 404"},{"ancestorTitles":["TC-JOB-02: Edit Job — permissions & validation"],"duration":11,"failing":false,"failureDetails":[],"failureMessages":[],"fullName":"TC-JOB-02: Edit Job — permissions & validation Audit diff recorded on edit","invocations":1,"location":null,"numPassingAsserts":3,"retryReasons":[],"startAt":1775660794071,"status":"passed","title":"Audit diff recorded on edit"},{"ancestorTitles":["TC-JOB-03: Delete Job — admin only"],"duration":16,"failing":false,"failureDetails":[],"failureMessages":[],"fullName":"TC-JOB-03: Delete Job — admin only Admin can delete a job","invocations":1,"location":null,"numPassingAsserts":3,"retryReasons":[],"startAt":1775660794083,"status":"passed","title":"Admin can delete a job"},{"ancestorTitles":["TC-JOB-03: Delete Job — admin only"],"duration":16,"failing":false,"failureDetails":[],"failureMessages":[],"fullName":"TC-JOB-03: Delete Job — admin only Manager cannot delete a job → 403","invocations":1,"location":null,"numPassingAsserts":1,"retryReasons":[],"startAt":1775660794099,"status":"passed","title":"Manager cannot delete a job → 403"},{"ancestorTitles":["TC-JOB-03: Delete Job — admin only"],"duration":14,"failing":false,"failureDetails":[],"failureMessages":[],"fullName":"TC-JOB-03: Delete Job — admin only Associate cannot delete a job → 403","invocations":1,"location":null,"numPassingAsserts":1,"retryReasons":[],"startAt":1775660794115,"status":"passed","title":"Associate cannot delete a job → 403"},{"ancestorTitles":["TC-JOB-03: Delete Job — admin only"],"duration":10,"failing":false,"failureDetails":[],"failureMessages":[],"fullName":"TC-JOB-03: Delete Job — admin only Delete non-existent job → 404","invocations":1,"location":null,"numPassingAsserts":1,"retryReasons":[],"startAt":1775660794129,"status":"passed","title":"Delete non-existent job → 404"},{"ancestorTitles":["TC-JOB-03: Delete Job — admin only"],"duration":17,"failing":false,"failureDetails":[],"failureMessages":[],"fullName":"TC-JOB-03: Delete Job — admin only Audit snapshot recorded on deletion","invocations":1,"location":null,"numPassingAsserts":3,"retryReasons":[],"startAt":1775660794140,"status":"passed","title":"Audit snapshot recorded on deletion"}],"endTime":1775660794162,"message":"","name":"C:\\Users\\user\\Desktop\\Claude\\eshipper-warehouse-billing\\tests\\02_jobs_crud.test.js","startTime":1775660792033,"status":"passed","summary":""},{"assertionResults":[{"ancestorTitles":["TC-TPL-01: Create Template"],"duration":153,"failing":false,"failureDetails":[],"failureMessages":[],"fullName":"TC-TPL-01: Create Template Manager can create a template","invocations":1,"location":null,"numPassingAsserts":6,"retryReasons":[],"startAt":1775660793625,"status":"passed","title":"Manager can create a template"},{"ancestorTitles":["TC-TPL-01: Create Template"],"duration":23,"failing":false,"failureDetails":[],"failureMessages":[],"fullName":"TC-TPL-01: Create Template Admin can create a template","invocations":1,"location":null,"numPassingAsserts":1,"retryReasons":[],"startAt":1775660793780,"status":"passed","title":"Admin can create a template"},{"ancestorTitles":["TC-TPL-01: Create Template"],"duration":37,"failing":false,"failureDetails":[],"failureMessages":[],"fullName":"TC-TPL-01: Create Template Associate cannot create template → 403","invocations":1,"location":null,"numPassingAsserts":1,"retryReasons":[],"startAt":1775660793804,"status":"passed","title":"Associate cannot create template → 403"},{"ancestorTitles":["TC-TPL-01: Create Template"],"duration":43,"failing":false,"failureDetails":[],"failureMessages":[],"fullName":"TC-TPL-01: Create Template Office Support cannot create template → 403","invocations":1,"location":null,"numPassingAsserts":1,"retryReasons":[],"startAt":1775660793842,"status":"passed","title":"Office Support cannot create template → 403"},{"ancestorTitles":["TC-TPL-01: Create Template"],"duration":56,"failing":false,"failureDetails":[],"failureMessages":[],"fullName":"TC-TPL-01: Create Template Missing required name → 400","invocations":1,"location":null,"numPassingAsserts":2,"retryReasons":[],"startAt":1775660793886,"status":"passed","title":"Missing required name → 400"},{"ancestorTitles":["TC-TPL-01: Create Template"],"duration":33,"failing":false,"failureDetails":[],"failureMessages":[],"fullName":"TC-TPL-01: Create Template Missing jobTypeId → 400","invocations":1,"location":null,"numPassingAsserts":1,"retryReasons":[],"startAt":1775660793943,"status":"passed","title":"Missing jobTypeId → 400"},{"ancestorTitles":["TC-TPL-01: Create Template"],"duration":16,"failing":false,"failureDetails":[],"failureMessages":[],"fullName":"TC-TPL-01: Create Template Missing customerId → 400","invocations":1,"location":null,"numPassingAsserts":1,"retryReasons":[],"startAt":1775660793976,"status":"passed","title":"Missing customerId → 400"},{"ancestorTitles":["TC-TPL-01: Create Template"],"duration":13,"failing":false,"failureDetails":[],"failureMessages":[],"fullName":"TC-TPL-01: Create Template Template with dueDaysOffset=0 stored correctly","invocations":1,"location":null,"numPassingAsserts":2,"retryReasons":[],"startAt":1775660793992,"status":"passed","title":"Template with dueDaysOffset=0 stored correctly"},{"ancestorTitles":["TC-TPL-01: Create Template"],"duration":44,"failing":false,"failureDetails":[],"failureMessages":[],"fullName":"TC-TPL-01: Create Template Template without dueDaysOffset stores null","invocations":1,"location":null,"numPassingAsserts":2,"retryReasons":[],"startAt":1775660794006,"status":"passed","title":"Template without dueDaysOffset stores null"},{"ancestorTitles":["TC-TPL-02: Read Templates"],"duration":33,"failing":false,"failureDetails":[],"failureMessages":[],"fullName":"TC-TPL-02: Read Templates Manager gets template list","invocations":1,"location":null,"numPassingAsserts":3,"retryReasons":[],"startAt":1775660794051,"status":"passed","title":"Manager gets template list"},{"ancestorTitles":["TC-TPL-02: Read Templates"],"duration":18,"failing":false,"failureDetails":[],"failureMessages":[],"fullName":"TC-TPL-02: Read Templates Admin gets templates in /api/init","invocations":1,"location":null,"numPassingAsserts":3,"retryReasons":[],"startAt":1775660794084,"status":"passed","title":"Admin gets templates in /api/init"},{"ancestorTitles":["TC-TPL-02: Read Templates"],"duration":11,"failing":false,"failureDetails":[],"failureMessages":[],"fullName":"TC-TPL-02: Read Templates Associate does NOT see templates in /api/init","invocations":1,"location":null,"numPassingAsserts":2,"retryReasons":[],"startAt":1775660794102,"status":"passed","title":"Associate does NOT see templates in /api/init"},{"ancestorTitles":["TC-TPL-03: Update Template"],"duration":14,"failing":false,"failureDetails":[],"failureMessages":[],"fullName":"TC-TPL-03: Update Template Manager can update a template","invocations":1,"location":null,"numPassingAsserts":2,"retryReasons":[],"startAt":1775660794114,"status":"passed","title":"Manager can update a template"},{"ancestorTitles":["TC-TPL-03: Update Template"],"duration":11,"failing":false,"failureDetails":[],"failureMessages":[],"fullName":"TC-TPL-03: Update Template Associate cannot update template → 403","invocations":1,"location":null,"numPassingAsserts":1,"retryReasons":[],"startAt":1775660794128,"status":"passed","title":"Associate cannot update template → 403"},{"ancestorTitles":["TC-TPL-04: Delete Template"],"duration":11,"failing":false,"failureDetails":[],"failureMessages":[],"fullName":"TC-TPL-04: Delete Template Manager can delete a template","invocations":1,"location":null,"numPassingAsserts":2,"retryReasons":[],"startAt":1775660794140,"status":"passed","title":"Manager can delete a template"},{"ancestorTitles":["TC-TPL-04: Delete Template"],"duration":9,"failing":false,"failureDetails":[],"failureMessages":[],"fullName":"TC-TPL-04: Delete Template Associate cannot delete template → 403","invocations":1,"location":null,"numPassingAsserts":1,"retryReasons":[],"startAt":1775660794152,"status":"passed","title":"Associate cannot delete template → 403"}],"endTime":1775660794167,"message":"","name":"C:\\Users\\user\\Desktop\\Claude\\eshipper-warehouse-billing\\tests\\06_templates.test.js","startTime":1775660792113,"status":"passed","summary":""},{"assertionResults":[{"ancestorTitles":["TC-BL-01: Financial Calculation Edge Cases"],"duration":144,"failing":false,"failureDetails":[],"failureMessages":[],"fullName":"TC-BL-01: Financial Calculation Edge Cases No rate card for customer → revenue is 0","invocations":1,"location":null,"numPassingAsserts":3,"retryReasons":[],"startAt":1775660793868,"status":"passed","title":"No rate card for customer → revenue is 0"},{"ancestorTitles":["TC-BL-01: Financial Calculation Edge Cases"],"duration":57,"failing":false,"failureDetails":[],"failureMessages":[],"fullName":"TC-BL-01: Financial Calculation Edge Cases No associates assigned → cost is 0 even with labour_hours","invocations":1,"location":null,"numPassingAsserts":4,"retryReasons":[],"startAt":1775660794014,"status":"passed","title":"No associates assigned → cost is 0 even with labour_hours"},{"ancestorTitles":["TC-BL-01: Financial Calculation Edge Cases"],"duration":15,"failing":false,"failureDetails":[],"failureMessages":[],"fullName":"TC-BL-01: Financial Calculation Edge Cases Multiple associates → cost uses average hourly rate","invocations":1,"location":null,"numPassingAsserts":2,"retryReasons":[],"startAt":1775660794071,"status":"passed","title":"Multiple associates → cost uses average hourly rate"},{"ancestorTitles":["TC-BL-01: Financial Calculation Edge Cases"],"duration":15,"failing":false,"failureDetails":[],"failureMessages":[],"fullName":"TC-BL-01: Financial Calculation Edge Cases Rating = great when margin ≥ targetMarginPct","invocations":1,"location":null,"numPassingAsserts":1,"retryReasons":[],"startAt":1775660794087,"status":"passed","title":"Rating = great when margin ≥ targetMarginPct"},{"ancestorTitles":["TC-BL-01: Financial Calculation Edge Cases"],"duration":14,"failing":false,"failureDetails":[],"failureMessages":[],"fullName":"TC-BL-01: Financial Calculation Edge Cases Rating = needs_improvement when margin < (target - threshold)","invocations":1,"location":null,"numPassingAsserts":2,"retryReasons":[],"startAt":1775660794102,"status":"passed","title":"Rating = needs_improvement when margin < (target - threshold)"},{"ancestorTitles":["TC-BL-01: Financial Calculation Edge Cases"],"duration":16,"failing":false,"failureDetails":[],"failureMessages":[],"fullName":"TC-BL-01: Financial Calculation Edge Cases Non-billable job still calculates financials","invocations":1,"location":null,"numPassingAsserts":3,"retryReasons":[],"startAt":1775660794117,"status":"passed","title":"Non-billable job still calculates financials"},{"ancestorTitles":["TC-BL-02: Audit Diff (computeFieldDiff)"],"duration":15,"failing":false,"failureDetails":[],"failureMessages":[],"fullName":"TC-BL-02: Audit Diff (computeFieldDiff) Single field change recorded in diff","invocations":1,"location":null,"numPassingAsserts":2,"retryReasons":[],"startAt":1775660794133,"status":"passed","title":"Single field change recorded in diff"},{"ancestorTitles":["TC-BL-02: Audit Diff (computeFieldDiff)"],"duration":12,"failing":false,"failureDetails":[],"failureMessages":[],"fullName":"TC-BL-02: Audit Diff (computeFieldDiff) Edit with no user-visible field change → changes only contains system fields","invocations":1,"location":null,"numPassingAsserts":2,"retryReasons":[],"startAt":1775660794149,"status":"passed","title":"Edit with no user-visible field change → changes only contains system fields"},{"ancestorTitles":["TC-BL-02: Audit Diff (computeFieldDiff)"],"duration":17,"failing":false,"failureDetails":[],"failureMessages":[],"fullName":"TC-BL-02: Audit Diff (computeFieldDiff) Multiple fields changed → all in diff","invocations":1,"location":null,"numPassingAsserts":2,"retryReasons":[],"startAt":1775660794161,"status":"passed","title":"Multiple fields changed → all in diff"},{"ancestorTitles":["TC-BL-03: Location Bulk Update"],"duration":17,"failing":false,"failureDetails":[],"failureMessages":[],"fullName":"TC-BL-03: Location Bulk Update Saving locations preserves existing capturedData and status","invocations":1,"location":null,"numPassingAsserts":5,"retryReasons":[],"startAt":1775660794179,"status":"passed","title":"Saving locations preserves existing capturedData and status"}],"endTime":1775660794201,"message":"","name":"C:\\Users\\user\\Desktop\\Claude\\eshipper-warehouse-billing\\tests\\07_business_logic.test.js","startTime":1775660792175,"status":"passed","summary":""},{"assertionResults":[{"ancestorTitles":["TC-CFG-01: Customers"],"duration":159,"failing":false,"failureDetails":[],"failureMessages":[],"fullName":"TC-CFG-01: Customers Admin can update customers list","invocations":1,"location":null,"numPassingAsserts":2,"retryReasons":[],"startAt":1775660793708,"status":"passed","title":"Admin can update customers list"},{"ancestorTitles":["TC-CFG-01: Customers"],"duration":22,"failing":false,"failureDetails":[],"failureMessages":[],"fullName":"TC-CFG-01: Customers Non-admin cannot update customers → 403","invocations":1,"location":null,"numPassingAsserts":1,"retryReasons":[],"startAt":1775660793868,"status":"passed","title":"Non-admin cannot update customers → 403"},{"ancestorTitles":["TC-CFG-01: Customers"],"duration":23,"failing":false,"failureDetails":[],"failureMessages":[],"fullName":"TC-CFG-01: Customers Rename customer updates all jobs","invocations":1,"location":null,"numPassingAsserts":5,"retryReasons":[],"startAt":1775660793890,"status":"passed","title":"Rename customer updates all jobs"},{"ancestorTitles":["TC-CFG-01: Customers"],"duration":14,"failing":false,"failureDetails":[],"failureMessages":[],"fullName":"TC-CFG-01: Customers Rename with missing fields → 400","invocations":1,"location":null,"numPassingAsserts":1,"retryReasons":[],"startAt":1775660793913,"status":"passed","title":"Rename with missing fields → 400"},{"ancestorTitles":["TC-CFG-02: Job Types"],"duration":31,"failing":false,"failureDetails":[],"failureMessages":[],"fullName":"TC-CFG-02: Job Types Admin can update job types list","invocations":1,"location":null,"numPassingAsserts":1,"retryReasons":[],"startAt":1775660793928,"status":"passed","title":"Admin can update job types list"},{"ancestorTitles":["TC-CFG-02: Job Types"],"duration":14,"failing":false,"failureDetails":[],"failureMessages":[],"fullName":"TC-CFG-02: Job Types Non-admin cannot update job types → 403","invocations":1,"location":null,"numPassingAsserts":1,"retryReasons":[],"startAt":1775660793959,"status":"passed","title":"Non-admin cannot update job types → 403"},{"ancestorTitles":["TC-CFG-02: Job Types"],"duration":26,"failing":false,"failureDetails":[],"failureMessages":[],"fullName":"TC-CFG-02: Job Types Admin can seed built-in job types","invocations":1,"location":null,"numPassingAsserts":3,"retryReasons":[],"startAt":1775660793974,"status":"passed","title":"Admin can seed built-in job types"},{"ancestorTitles":["TC-CFG-02: Job Types"],"duration":64,"failing":false,"failureDetails":[],"failureMessages":[],"fullName":"TC-CFG-02: Job Types Seeding is idempotent — second call adds 0 types","invocations":1,"location":null,"numPassingAsserts":2,"retryReasons":[],"startAt":1775660794000,"status":"passed","title":"Seeding is idempotent — second call adds 0 types"},{"ancestorTitles":["TC-CFG-02: Job Types"],"duration":35,"failing":false,"failureDetails":[],"failureMessages":[],"fullName":"TC-CFG-02: Job Types Init merges built-in + Firestore types (Firestore wins on duplicates)","invocations":1,"location":null,"numPassingAsserts":3,"retryReasons":[],"startAt":1775660794064,"status":"passed","title":"Init merges built-in + Firestore types (Firestore wins on duplicates)"},{"ancestorTitles":["TC-CFG-03: Rate Cards"],"duration":11,"failing":false,"failureDetails":[],"failureMessages":[],"fullName":"TC-CFG-03: Rate Cards Admin can set rate cards","invocations":1,"location":null,"numPassingAsserts":2,"retryReasons":[],"startAt":1775660794100,"status":"passed","title":"Admin can set rate cards"},{"ancestorTitles":["TC-CFG-03: Rate Cards"],"duration":13,"failing":false,"failureDetails":[],"failureMessages":[],"fullName":"TC-CFG-03: Rate Cards Non-admin cannot set rate cards → 403","invocations":1,"location":null,"numPassingAsserts":1,"retryReasons":[],"startAt":1775660794111,"status":"passed","title":"Non-admin cannot set rate cards → 403"},{"ancestorTitles":["TC-CFG-04: Profitability Targets"],"duration":12,"failing":false,"failureDetails":[],"failureMessages":[],"fullName":"TC-CFG-04: Profitability Targets Admin can set targets","invocations":1,"location":null,"numPassingAsserts":2,"retryReasons":[],"startAt":1775660794124,"status":"passed","title":"Admin can set targets"},{"ancestorTitles":["TC-CFG-04: Profitability Targets"],"duration":16,"failing":false,"failureDetails":[],"failureMessages":[],"fullName":"TC-CFG-04: Profitability Targets Non-admin cannot set targets → 403","invocations":1,"location":null,"numPassingAsserts":1,"retryReasons":[],"startAt":1775660794136,"status":"passed","title":"Non-admin cannot set targets → 403"},{"ancestorTitles":["TC-CFG-05: Teams"],"duration":13,"failing":false,"failureDetails":[],"failureMessages":[],"fullName":"TC-CFG-05: Teams Admin can create a team","invocations":1,"location":null,"numPassingAsserts":4,"retryReasons":[],"startAt":1775660794152,"status":"passed","title":"Admin can create a team"},{"ancestorTitles":["TC-CFG-05: Teams"],"duration":12,"failing":false,"failureDetails":[],"failureMessages":[],"fullName":"TC-CFG-05: Teams Create team without name → 400","invocations":1,"location":null,"numPassingAsserts":1,"retryReasons":[],"startAt":1775660794166,"status":"passed","title":"Create team without name → 400"},{"ancestorTitles":["TC-CFG-05: Teams"],"duration":10,"failing":false,"failureDetails":[],"failureMessages":[],"fullName":"TC-CFG-05: Teams Non-admin cannot create team → 403","invocations":1,"location":null,"numPassingAsserts":1,"retryReasons":[],"startAt":1775660794179,"status":"passed","title":"Non-admin cannot create team → 403"},{"ancestorTitles":["TC-CFG-05: Teams"],"duration":11,"failing":false,"failureDetails":[],"failureMessages":[],"fullName":"TC-CFG-05: Teams Admin can add member to team","invocations":1,"location":null,"numPassingAsserts":3,"retryReasons":[],"startAt":1775660794190,"status":"passed","title":"Admin can add member to team"},{"ancestorTitles":["TC-CFG-05: Teams"],"duration":10,"failing":false,"failureDetails":[],"failureMessages":[],"fullName":"TC-CFG-05: Teams Admin can remove member from team","invocations":1,"location":null,"numPassingAsserts":3,"retryReasons":[],"startAt":1775660794201,"status":"passed","title":"Admin can remove member from team"},{"ancestorTitles":["TC-CFG-05: Teams"],"duration":8,"failing":false,"failureDetails":[],"failureMessages":[],"fullName":"TC-CFG-05: Teams Admin can delete a team","invocations":1,"location":null,"numPassingAsserts":2,"retryReasons":[],"startAt":1775660794212,"status":"passed","title":"Admin can delete a team"}],"endTime":1775660794224,"message":"","name":"C:\\Users\\user\\Desktop\\Claude\\eshipper-warehouse-billing\\tests\\05_config.test.js","startTime":1775660792141,"status":"passed","summary":""},{"assertionResults":[{"ancestorTitles":["TC-USER-01: Invite / Create User"],"duration":152,"failing":false,"failureDetails":[],"failureMessages":[],"fullName":"TC-USER-01: Invite / Create User Admin can invite a new user by email","invocations":1,"location":null,"numPassingAsserts":4,"retryReasons":[],"startAt":1775660793754,"status":"passed","title":"Admin can invite a new user by email"},{"ancestorTitles":["TC-USER-01: Invite / Create User"],"duration":29,"failing":false,"failureDetails":[],"failureMessages":[],"fullName":"TC-USER-01: Invite / Create User Non-admin cannot invite → 403","invocations":1,"location":null,"numPassingAsserts":1,"retryReasons":[],"startAt":1775660793908,"status":"passed","title":"Non-admin cannot invite → 403"},{"ancestorTitles":["TC-USER-01: Invite / Create User"],"duration":20,"failing":false,"failureDetails":[],"failureMessages":[],"fullName":"TC-USER-01: Invite / Create User Missing email → 400","invocations":1,"location":null,"numPassingAsserts":1,"retryReasons":[],"startAt":1775660793939,"status":"passed","title":"Missing email → 400"},{"ancestorTitles":["TC-USER-01: Invite / Create User"],"duration":65,"failing":false,"failureDetails":[],"failureMessages":[],"fullName":"TC-USER-01: Invite / Create User Invite with teamId → invite doc stores teamId for first-sign-in provisioning","invocations":1,"location":null,"numPassingAsserts":5,"retryReasons":[],"startAt":1775660793959,"status":"passed","title":"Invite with teamId → invite doc stores teamId for first-sign-in provisioning"},{"ancestorTitles":["TC-USER-01: Invite / Create User"],"duration":14,"failing":false,"failureDetails":[],"failureMessages":[],"fullName":"TC-USER-01: Invite / Create User Re-inviting existing user updates their role (status=updated)","invocations":1,"location":null,"numPassingAsserts":3,"retryReasons":[],"startAt":1775660794024,"status":"passed","title":"Re-inviting existing user updates their role (status=updated)"},{"ancestorTitles":["TC-USER-02: Change User Role"],"duration":24,"failing":false,"failureDetails":[],"failureMessages":[],"fullName":"TC-USER-02: Change User Role Admin can change any user role","invocations":1,"location":null,"numPassingAsserts":2,"retryReasons":[],"startAt":1775660794038,"status":"passed","title":"Admin can change any user role"},{"ancestorTitles":["TC-USER-02: Change User Role"],"duration":17,"failing":false,"failureDetails":[],"failureMessages":[],"fullName":"TC-USER-02: Change User Role Invalid role → 400","invocations":1,"location":null,"numPassingAsserts":2,"retryReasons":[],"startAt":1775660794062,"status":"passed","title":"Invalid role → 400"},{"ancestorTitles":["TC-USER-02: Change User Role"],"duration":20,"failing":false,"failureDetails":[],"failureMessages":[],"fullName":"TC-USER-02: Change User Role Non-admin cannot change role → 403","invocations":1,"location":null,"numPassingAsserts":1,"retryReasons":[],"startAt":1775660794079,"status":"passed","title":"Non-admin cannot change role → 403"},{"ancestorTitles":["TC-USER-02: Change User Role"],"duration":24,"failing":false,"failureDetails":[],"failureMessages":[],"fullName":"TC-USER-02: Change User Role Role change updates Firebase custom claims","invocations":1,"location":null,"numPassingAsserts":1,"retryReasons":[],"startAt":1775660794099,"status":"passed","title":"Role change updates Firebase custom claims"},{"ancestorTitles":["TC-USER-03: Update User Cost"],"duration":16,"failing":false,"failureDetails":[],"failureMessages":[],"fullName":"TC-USER-03: Update User Cost Admin can set hourly cost","invocations":1,"location":null,"numPassingAsserts":2,"retryReasons":[],"startAt":1775660794123,"status":"passed","title":"Admin can set hourly cost"},{"ancestorTitles":["TC-USER-03: Update User Cost"],"duration":10,"failing":false,"failureDetails":[],"failureMessages":[],"fullName":"TC-USER-03: Update User Cost Negative hourly cost → 400","invocations":1,"location":null,"numPassingAsserts":1,"retryReasons":[],"startAt":1775660794140,"status":"passed","title":"Negative hourly cost → 400"},{"ancestorTitles":["TC-USER-03: Update User Cost"],"duration":22,"failing":false,"failureDetails":[],"failureMessages":[],"fullName":"TC-USER-03: Update User Cost Non-admin cannot update cost → 403","invocations":1,"location":null,"numPassingAsserts":1,"retryReasons":[],"startAt":1775660794151,"status":"passed","title":"Non-admin cannot update cost → 403"},{"ancestorTitles":["TC-USER-04: Delete User"],"duration":12,"failing":false,"failureDetails":[],"failureMessages":[],"fullName":"TC-USER-04: Delete User Admin can delete another user","invocations":1,"location":null,"numPassingAsserts":3,"retryReasons":[],"startAt":1775660794173,"status":"passed","title":"Admin can delete another user"},{"ancestorTitles":["TC-USER-04: Delete User"],"duration":10,"failing":false,"failureDetails":[],"failureMessages":[],"fullName":"TC-USER-04: Delete User Admin cannot delete themselves → 400","invocations":1,"location":null,"numPassingAsserts":2,"retryReasons":[],"startAt":1775660794185,"status":"passed","title":"Admin cannot delete themselves → 400"},{"ancestorTitles":["TC-USER-04: Delete User"],"duration":9,"failing":false,"failureDetails":[],"failureMessages":[],"fullName":"TC-USER-04: Delete User Non-admin cannot delete users → 403","invocations":1,"location":null,"numPassingAsserts":1,"retryReasons":[],"startAt":1775660794195,"status":"passed","title":"Non-admin cannot delete users → 403"},{"ancestorTitles":["TC-USER-04: Delete User"],"duration":9,"failing":false,"failureDetails":[],"failureMessages":[],"fullName":"TC-USER-04: Delete User Delete removes user from team memberIds","invocations":1,"location":null,"numPassingAsserts":2,"retryReasons":[],"startAt":1775660794204,"status":"passed","title":"Delete removes user from team memberIds"},{"ancestorTitles":["TC-USER-05: Password Management"],"duration":10,"failing":false,"failureDetails":[],"failureMessages":[],"fullName":"TC-USER-05: Password Management Admin can generate password reset link","invocations":1,"location":null,"numPassingAsserts":3,"retryReasons":[],"startAt":1775660794213,"status":"passed","title":"Admin can generate password reset link"},{"ancestorTitles":["TC-USER-05: Password Management"],"duration":6,"failing":false,"failureDetails":[],"failureMessages":[],"fullName":"TC-USER-05: Password Management Admin can set user password directly","invocations":1,"location":null,"numPassingAsserts":1,"retryReasons":[],"startAt":1775660794224,"status":"passed","title":"Admin can set user password directly"},{"ancestorTitles":["TC-USER-05: Password Management"],"duration":9,"failing":false,"failureDetails":[],"failureMessages":[],"fullName":"TC-USER-05: Password Management Password too short → 400","invocations":1,"location":null,"numPassingAsserts":2,"retryReasons":[],"startAt":1775660794230,"status":"passed","title":"Password too short → 400"}],"endTime":1775660794242,"message":"","name":"C:\\Users\\user\\Desktop\\Claude\\eshipper-warehouse-billing\\tests\\04_users.test.js","startTime":1775660792192,"status":"passed","summary":""}],"wasInterrupted":false}
